2025-01-15 22:51:58,935 - INFO - Starting Property24 scraping process.
2025-01-15 22:56:58,922 - INFO - Property24 scraping completed successfully.
2025-01-15 23:06:31,081 - INFO - Starting combined Property24 and PrivateProperty scraping process.
2025-01-15 23:11:35,712 - WARNING - HTTP error 404 Client Error: Not Found for url: https://www.privateproperty.co.za/for-sale/western-cape?page=1 on attempt 1 for URL: https://www.privateproperty.co.za/for-sale/western-cape?page=1
2025-01-15 23:11:38,681 - WARNING - HTTP error 404 Client Error: Not Found for url: https://www.privateproperty.co.za/for-sale/western-cape?page=1 on attempt 2 for URL: https://www.privateproperty.co.za/for-sale/western-cape?page=1
2025-01-15 23:11:43,672 - WARNING - HTTP error 404 Client Error: Not Found for url: https://www.privateproperty.co.za/for-sale/western-cape?page=1 on attempt 3 for URL: https://www.privateproperty.co.za/for-sale/western-cape?page=1
2025-01-15 23:11:49,675 - ERROR - Failed to fetch listings from https://www.privateproperty.co.za/for-sale/western-cape?page=1
2025-01-15 23:11:52,662 - WARNING - HTTP error 404 Client Error: Not Found for url: https://www.privateproperty.co.za/for-sale/western-cape?page=2 on attempt 1 for URL: https://www.privateproperty.co.za/for-sale/western-cape?page=2
2025-01-15 23:11:55,665 - WARNING - HTTP error 404 Client Error: Not Found for url: https://www.privateproperty.co.za/for-sale/western-cape?page=2 on attempt 2 for URL: https://www.privateproperty.co.za/for-sale/western-cape?page=2
2025-01-15 23:12:00,742 - WARNING - HTTP error 404 Client Error: Not Found for url: https://www.privateproperty.co.za/for-sale/western-cape?page=2 on attempt 3 for URL: https://www.privateproperty.co.za/for-sale/western-cape?page=2
2025-01-15 23:12:06,745 - ERROR - Failed to fetch listings from https://www.privateproperty.co.za/for-sale/western-cape?page=2
2025-01-15 23:12:09,909 - WARNING - HTTP error 404 Client Error: Not Found for url: https://www.privateproperty.co.za/for-sale/western-cape?page=3 on attempt 1 for URL: https://www.privateproperty.co.za/for-sale/western-cape?page=3
2025-01-15 23:12:13,039 - WARNING - HTTP error 404 Client Error: Not Found for url: https://www.privateproperty.co.za/for-sale/western-cape?page=3 on attempt 2 for URL: https://www.privateproperty.co.za/for-sale/western-cape?page=3
2025-01-15 23:12:18,051 - WARNING - HTTP error 404 Client Error: Not Found for url: https://www.privateproperty.co.za/for-sale/western-cape?page=3 on attempt 3 for URL: https://www.privateproperty.co.za/for-sale/western-cape?page=3
2025-01-15 23:12:24,054 - ERROR - Failed to fetch listings from https://www.privateproperty.co.za/for-sale/western-cape?page=3
2025-01-15 23:12:26,668 - WARNING - HTTP error 404 Client Error: Not Found for url: https://www.privateproperty.co.za/for-sale/western-cape?page=4 on attempt 1 for URL: https://www.privateproperty.co.za/for-sale/western-cape?page=4
2025-01-15 23:12:29,662 - WARNING - HTTP error 404 Client Error: Not Found for url: https://www.privateproperty.co.za/for-sale/western-cape?page=4 on attempt 2 for URL: https://www.privateproperty.co.za/for-sale/western-cape?page=4
2025-01-15 23:12:34,671 - WARNING - HTTP error 404 Client Error: Not Found for url: https://www.privateproperty.co.za/for-sale/western-cape?page=4 on attempt 3 for URL: https://www.privateproperty.co.za/for-sale/western-cape?page=4
2025-01-15 23:12:40,672 - ERROR - Failed to fetch listings from https://www.privateproperty.co.za/for-sale/western-cape?page=4
2025-01-15 23:12:43,701 - WARNING - HTTP error 404 Client Error: Not Found for url: https://www.privateproperty.co.za/for-sale/western-cape?page=5 on attempt 1 for URL: https://www.privateproperty.co.za/for-sale/western-cape?page=5
2025-01-15 23:12:47,659 - WARNING - HTTP error 404 Client Error: Not Found for url: https://www.privateproperty.co.za/for-sale/western-cape?page=5 on attempt 2 for URL: https://www.privateproperty.co.za/for-sale/western-cape?page=5
2025-01-15 23:12:52,611 - WARNING - HTTP error 404 Client Error: Not Found for url: https://www.privateproperty.co.za/for-sale/western-cape?page=5 on attempt 3 for URL: https://www.privateproperty.co.za/for-sale/western-cape?page=5
2025-01-15 23:12:58,613 - ERROR - Failed to fetch listings from https://www.privateproperty.co.za/for-sale/western-cape?page=5
2025-01-15 23:13:01,053 - INFO - Scraping completed successfully.
